2020-10-15 19:00:51,981:INFO:PyCaret Regression Module
2020-10-15 19:00:51,993:INFO:version 2.0
2020-10-15 19:00:51,993:INFO:Initializing setup()
2020-10-15 19:00:52,004:INFO:USI: 7cac
2020-10-15 19:00:52,004:INFO:setup(data=(501808, 18), target=target_nomi, train_size=0.8, sampling=True, sample_estimator=None, categorical_features=None, categorical_imputation=constant, ordinal_features=None,
                    high_cardinality_features=None, high_cardinality_method=frequency, numeric_features=None, numeric_imputation=mean, date_features=None, ignore_features=['id', 'era'], normalize=False,
                    normalize_method=zscore, transformation=False, transformation_method=yeo-johnson, handle_unknown_categorical=True, unknown_categorical_method=least_frequent, pca=False, pca_method=linear,
                    pca_components=None, ignore_low_variance=False, combine_rare_levels=False, rare_level_threshold=0.1, bin_numeric_features=None, remove_outliers=False, outliers_threshold=0.05,
                    remove_multicollinearity=False, multicollinearity_threshold=0.9, remove_perfect_collinearity=False, create_clusters=False, cluster_iter=20,
                    polynomial_features=False, polynomial_degree=2, trigonometry_features=False, polynomial_threshold=0.1, group_features=None,
                    group_names=None, feature_selection=False, feature_selection_threshold=0.8, feature_interaction=False, feature_ratio=False, interaction_threshold=0.01, transform_target=False,
                    transform_target_method=box-cox, data_split_shuffle=True, folds_shuffle=False, n_jobs=-1, html=True, session_id=1234, log_experiment=False,
                    experiment_name=None, log_plots=False, log_profile=False, log_data=False, silent=False, verbose=True, profile=False)
2020-10-15 19:00:52,004:INFO:Checking environment
2020-10-15 19:00:52,006:INFO:python_version: 3.8.3
2020-10-15 19:00:52,006:INFO:python_build: ('v3.8.3:6f8c8320e9', 'May 13 2020 16:29:34')
2020-10-15 19:00:52,007:INFO:machine: x86_64
2020-10-15 19:00:52,176:INFO:platform: macOS-10.15.7-x86_64-i386-64bit
2020-10-15 19:00:52,192:INFO:Memory: svmem(total=4294967296, available=873181184, percent=79.7, used=2217029632, free=14626816, active=861327360, inactive=854491136, wired=1355702272)
2020-10-15 19:00:52,194:INFO:Physical Core: 2
2020-10-15 19:00:52,194:INFO:Logical Core: 4
2020-10-15 19:00:52,194:INFO:Checking libraries
2020-10-15 19:00:52,195:INFO:pd==1.0.4
2020-10-15 19:00:52,195:INFO:numpy==1.18.5
2020-10-15 19:00:52,195:INFO:sklearn==0.23.1
2020-10-15 19:00:52,197:INFO:xgboost==1.2.0
2020-10-15 19:00:52,717:INFO:lightgbm==2.3.1
2020-10-15 19:00:52,813:INFO:catboost==0.24
2020-10-15 19:00:55,254:INFO:mlflow==1.10.0
2020-10-15 19:00:55,255:INFO:Checking Exceptions
2020-10-15 19:00:55,255:INFO:Preloading libraries
2020-10-15 19:00:55,255:INFO:Preparing display monitor
2020-10-15 19:00:55,299:INFO:Importing libraries
2020-10-15 19:00:56,284:INFO:Copying data for preprocessing
2020-10-15 19:00:56,981:INFO:Declaring global variables
2020-10-15 19:00:57,002:INFO:Declaring preprocessing parameters
2020-10-15 19:00:57,002:INFO:Importing preprocessing module
2020-10-15 19:01:04,125:INFO:Creating preprocessing pipeline
2020-10-15 19:02:08,680:INFO:Preprocessing pipeline created successfully
2020-10-15 19:02:08,684:INFO:No inverse transformer found
2020-10-15 19:02:08,684:INFO:Creating grid variables
2020-10-15 19:02:08,941:INFO:Creating global containers
2020-10-15 19:02:28,594:INFO:create_model_container: 0
2020-10-15 19:02:28,599:INFO:master_model_container: 0
2020-10-15 19:02:28,599:INFO:display_container: 0
2020-10-15 19:02:28,599:INFO:setup() succesfully completed......................................
2020-10-15 19:04:03,930:INFO:Initializing compare_models()
2020-10-15 19:04:03,932:INFO:compare_models(blacklist=None, whitelist=None, fold=3, round=4, sort=MSE, n_select=1, turbo=True, verbose=True)
2020-10-15 19:04:03,933:INFO:Checking exceptions
2020-10-15 19:04:03,933:INFO:Preloading libraries
2020-10-15 19:04:03,934:INFO:Preparing display monitor
2020-10-15 19:04:04,018:INFO:Copying training dataset
2020-10-15 19:04:04,351:INFO:Importing libraries
2020-10-15 19:04:04,404:INFO:Importing untrained models
2020-10-15 19:04:04,435:INFO:Import successful
2020-10-15 19:04:04,477:INFO:Defining folds
2020-10-15 19:04:04,481:INFO:Declaring metric variables
2020-10-15 19:04:04,482:INFO:Initializing Linear Regression
2020-10-15 19:04:04,514:INFO:Initializing Fold 1
2020-10-15 19:04:04,727:INFO:Fitting Model
2020-10-15 19:04:05,159:INFO:Evaluating Metrics
2020-10-15 19:04:05,172:INFO:No inverse transformer found
2020-10-15 19:04:05,173:INFO:Compiling Metrics
2020-10-15 19:04:05,242:INFO:Initializing Fold 2
2020-10-15 19:04:05,406:INFO:Fitting Model
2020-10-15 19:04:05,593:INFO:Evaluating Metrics
2020-10-15 19:04:05,600:INFO:No inverse transformer found
2020-10-15 19:04:05,601:INFO:Compiling Metrics
2020-10-15 19:04:05,639:INFO:Initializing Fold 3
2020-10-15 19:04:05,742:INFO:Fitting Model
2020-10-15 19:04:05,886:INFO:Evaluating Metrics
2020-10-15 19:04:05,892:INFO:No inverse transformer found
2020-10-15 19:04:05,893:INFO:Compiling Metrics
2020-10-15 19:04:05,931:INFO:Calculating mean and std
2020-10-15 19:04:05,932:INFO:Creating metrics dataframe
2020-10-15 19:04:05,962:INFO:Initializing Lasso Regression
2020-10-15 19:04:05,996:INFO:Initializing Fold 1
2020-10-15 19:04:06,047:INFO:Fitting Model
2020-10-15 19:04:06,175:INFO:Evaluating Metrics
2020-10-15 19:04:06,181:INFO:No inverse transformer found
2020-10-15 19:04:06,182:INFO:Compiling Metrics
2020-10-15 19:04:06,218:INFO:Initializing Fold 2
2020-10-15 19:04:06,275:INFO:Fitting Model
2020-10-15 19:04:06,343:INFO:Evaluating Metrics
2020-10-15 19:04:06,349:INFO:No inverse transformer found
2020-10-15 19:04:06,349:INFO:Compiling Metrics
2020-10-15 19:04:06,387:INFO:Initializing Fold 3
2020-10-15 19:04:06,442:INFO:Fitting Model
2020-10-15 19:04:06,513:INFO:Evaluating Metrics
2020-10-15 19:04:06,519:INFO:No inverse transformer found
2020-10-15 19:04:06,519:INFO:Compiling Metrics
2020-10-15 19:04:06,558:INFO:Calculating mean and std
2020-10-15 19:04:06,559:INFO:Creating metrics dataframe
2020-10-15 19:04:06,589:INFO:Initializing Ridge Regression
2020-10-15 19:04:06,620:INFO:Initializing Fold 1
2020-10-15 19:04:06,675:INFO:Fitting Model
2020-10-15 19:04:06,785:INFO:Evaluating Metrics
2020-10-15 19:04:06,792:INFO:No inverse transformer found
2020-10-15 19:04:06,792:INFO:Compiling Metrics
2020-10-15 19:04:06,825:INFO:Initializing Fold 2
2020-10-15 19:04:06,887:INFO:Fitting Model
2020-10-15 19:04:06,950:INFO:Evaluating Metrics
2020-10-15 19:04:06,957:INFO:No inverse transformer found
2020-10-15 19:04:06,957:INFO:Compiling Metrics
2020-10-15 19:04:06,989:INFO:Initializing Fold 3
2020-10-15 19:04:07,047:INFO:Fitting Model
2020-10-15 19:04:07,115:INFO:Evaluating Metrics
2020-10-15 19:04:07,120:INFO:No inverse transformer found
2020-10-15 19:04:07,121:INFO:Compiling Metrics
2020-10-15 19:04:07,156:INFO:Calculating mean and std
2020-10-15 19:04:07,157:INFO:Creating metrics dataframe
2020-10-15 19:04:07,187:INFO:Initializing Elastic Net
2020-10-15 19:04:07,227:INFO:Initializing Fold 1
2020-10-15 19:04:07,272:INFO:Fitting Model
2020-10-15 19:04:07,439:INFO:Evaluating Metrics
2020-10-15 19:04:07,459:INFO:No inverse transformer found
2020-10-15 19:04:07,459:INFO:Compiling Metrics
2020-10-15 19:04:07,512:INFO:Initializing Fold 2
2020-10-15 19:04:07,563:INFO:Fitting Model
2020-10-15 19:04:07,637:INFO:Evaluating Metrics
2020-10-15 19:04:07,645:INFO:No inverse transformer found
2020-10-15 19:04:07,645:INFO:Compiling Metrics
2020-10-15 19:04:07,687:INFO:Initializing Fold 3
2020-10-15 19:04:07,761:INFO:Fitting Model
2020-10-15 19:04:07,824:INFO:Evaluating Metrics
2020-10-15 19:04:07,830:INFO:No inverse transformer found
2020-10-15 19:04:07,830:INFO:Compiling Metrics
2020-10-15 19:04:07,867:INFO:Calculating mean and std
2020-10-15 19:04:07,868:INFO:Creating metrics dataframe
2020-10-15 19:04:07,895:INFO:Initializing Least Angle Regression
2020-10-15 19:04:07,929:INFO:Initializing Fold 1
2020-10-15 19:04:07,982:INFO:Fitting Model
2020-10-15 19:04:08,098:INFO:Evaluating Metrics
2020-10-15 19:04:08,103:INFO:No inverse transformer found
2020-10-15 19:04:08,104:INFO:Compiling Metrics
2020-10-15 19:04:08,138:INFO:Initializing Fold 2
2020-10-15 19:04:08,190:INFO:Fitting Model
2020-10-15 19:04:08,278:INFO:Evaluating Metrics
2020-10-15 19:04:08,283:INFO:No inverse transformer found
2020-10-15 19:04:08,284:INFO:Compiling Metrics
2020-10-15 19:04:08,317:INFO:Initializing Fold 3
2020-10-15 19:04:08,375:INFO:Fitting Model
2020-10-15 19:04:08,460:INFO:Evaluating Metrics
2020-10-15 19:04:08,466:INFO:No inverse transformer found
2020-10-15 19:04:08,466:INFO:Compiling Metrics
2020-10-15 19:04:08,500:INFO:Calculating mean and std
2020-10-15 19:04:08,501:INFO:Creating metrics dataframe
2020-10-15 19:04:08,591:INFO:Initializing Lasso Least Angle Regression
2020-10-15 19:04:08,630:INFO:Initializing Fold 1
2020-10-15 19:04:08,679:INFO:Fitting Model
2020-10-15 19:04:08,791:INFO:Evaluating Metrics
2020-10-15 19:04:08,797:INFO:No inverse transformer found
2020-10-15 19:04:08,797:INFO:Compiling Metrics
2020-10-15 19:04:08,829:INFO:Initializing Fold 2
2020-10-15 19:04:08,891:INFO:Fitting Model
2020-10-15 19:04:08,970:INFO:Evaluating Metrics
2020-10-15 19:04:08,977:INFO:No inverse transformer found
2020-10-15 19:04:08,977:INFO:Compiling Metrics
2020-10-15 19:04:09,011:INFO:Initializing Fold 3
2020-10-15 19:04:09,074:INFO:Fitting Model
2020-10-15 19:04:09,155:INFO:Evaluating Metrics
2020-10-15 19:04:09,161:INFO:No inverse transformer found
2020-10-15 19:04:09,162:INFO:Compiling Metrics
2020-10-15 19:04:09,193:INFO:Calculating mean and std
2020-10-15 19:04:09,194:INFO:Creating metrics dataframe
2020-10-15 19:04:09,225:INFO:Initializing Orthogonal Matching Pursuit
2020-10-15 19:04:09,258:INFO:Initializing Fold 1
2020-10-15 19:04:09,306:INFO:Fitting Model
2020-10-15 19:04:09,413:INFO:Evaluating Metrics
2020-10-15 19:04:09,420:INFO:No inverse transformer found
2020-10-15 19:04:09,420:INFO:Compiling Metrics
2020-10-15 19:04:09,455:INFO:Initializing Fold 2
2020-10-15 19:04:09,515:INFO:Fitting Model
2020-10-15 19:04:09,601:INFO:Evaluating Metrics
2020-10-15 19:04:09,607:INFO:No inverse transformer found
2020-10-15 19:04:09,607:INFO:Compiling Metrics
2020-10-15 19:04:09,639:INFO:Initializing Fold 3
2020-10-15 19:04:09,701:INFO:Fitting Model
2020-10-15 19:04:09,790:INFO:Evaluating Metrics
2020-10-15 19:04:09,796:INFO:No inverse transformer found
2020-10-15 19:04:09,797:INFO:Compiling Metrics
2020-10-15 19:04:09,828:INFO:Calculating mean and std
2020-10-15 19:04:09,829:INFO:Creating metrics dataframe
2020-10-15 19:04:09,857:INFO:Initializing Bayesian Ridge
2020-10-15 19:04:09,885:INFO:Initializing Fold 1
2020-10-15 19:04:09,939:INFO:Fitting Model
2020-10-15 19:04:10,282:INFO:Evaluating Metrics
2020-10-15 19:04:10,292:INFO:No inverse transformer found
2020-10-15 19:04:10,293:INFO:Compiling Metrics
2020-10-15 19:04:10,344:INFO:Initializing Fold 2
2020-10-15 19:04:10,426:INFO:Fitting Model
2020-10-15 19:04:10,697:INFO:Evaluating Metrics
2020-10-15 19:04:10,702:INFO:No inverse transformer found
2020-10-15 19:04:10,703:INFO:Compiling Metrics
2020-10-15 19:04:10,741:INFO:Initializing Fold 3
2020-10-15 19:04:10,815:INFO:Fitting Model
2020-10-15 19:04:11,136:INFO:Evaluating Metrics
2020-10-15 19:04:11,143:INFO:No inverse transformer found
2020-10-15 19:04:11,143:INFO:Compiling Metrics
2020-10-15 19:04:11,177:INFO:Calculating mean and std
2020-10-15 19:04:11,177:INFO:Creating metrics dataframe
2020-10-15 19:04:11,218:INFO:Initializing Passive Aggressive Regressor
2020-10-15 19:04:11,245:INFO:Initializing Fold 1
2020-10-15 19:04:11,299:INFO:Fitting Model
2020-10-15 19:04:11,782:INFO:Evaluating Metrics
2020-10-15 19:04:11,789:INFO:No inverse transformer found
2020-10-15 19:04:11,789:INFO:Compiling Metrics
2020-10-15 19:04:11,824:INFO:Initializing Fold 2
2020-10-15 19:04:11,888:INFO:Fitting Model
2020-10-15 19:04:12,353:INFO:Evaluating Metrics
2020-10-15 19:04:12,360:INFO:No inverse transformer found
2020-10-15 19:04:12,360:INFO:Compiling Metrics
2020-10-15 19:04:12,390:INFO:Initializing Fold 3
2020-10-15 19:04:12,480:INFO:Fitting Model
2020-10-15 19:04:12,915:INFO:Evaluating Metrics
2020-10-15 19:04:12,922:INFO:No inverse transformer found
2020-10-15 19:04:12,922:INFO:Compiling Metrics
2020-10-15 19:04:12,955:INFO:Calculating mean and std
2020-10-15 19:04:12,956:INFO:Creating metrics dataframe
2020-10-15 19:04:12,982:INFO:Initializing Random Sample Consensus
2020-10-15 19:04:13,003:INFO:Initializing Fold 1
2020-10-15 19:04:13,059:INFO:Fitting Model
2020-10-15 19:04:29,561:INFO:Evaluating Metrics
2020-10-15 19:04:29,568:INFO:No inverse transformer found
2020-10-15 19:04:29,568:INFO:Compiling Metrics
2020-10-15 19:04:29,604:INFO:Initializing Fold 2
2020-10-15 19:04:29,695:INFO:Fitting Model
2020-10-15 19:05:53,803:INFO:Initializing compare_models()
2020-10-15 19:05:53,804:INFO:compare_models(blacklist=['ransac'], whitelist=None, fold=3, round=4, sort=MSE, n_select=1, turbo=True, verbose=True)
2020-10-15 19:05:53,804:INFO:Checking exceptions
2020-10-15 19:05:53,805:INFO:Preloading libraries
2020-10-15 19:05:53,805:INFO:Preparing display monitor
2020-10-15 19:05:53,875:INFO:Copying training dataset
2020-10-15 19:05:54,166:INFO:Importing libraries
2020-10-15 19:05:54,186:INFO:Importing untrained models
2020-10-15 19:05:54,194:INFO:Import successful
2020-10-15 19:05:54,217:INFO:Defining folds
2020-10-15 19:05:54,218:INFO:Declaring metric variables
2020-10-15 19:05:54,220:INFO:Initializing Linear Regression
2020-10-15 19:05:54,260:INFO:Initializing Fold 1
2020-10-15 19:05:54,965:INFO:Fitting Model
2020-10-15 19:05:55,342:INFO:Evaluating Metrics
2020-10-15 19:05:55,354:INFO:No inverse transformer found
2020-10-15 19:05:55,354:INFO:Compiling Metrics
2020-10-15 19:05:55,413:INFO:Initializing Fold 2
2020-10-15 19:05:55,471:INFO:Fitting Model
2020-10-15 19:05:55,841:INFO:Evaluating Metrics
2020-10-15 19:05:55,858:INFO:No inverse transformer found
2020-10-15 19:05:55,859:INFO:Compiling Metrics
2020-10-15 19:05:55,926:INFO:Initializing Fold 3
2020-10-15 19:05:56,045:INFO:Fitting Model
2020-10-15 19:05:56,559:INFO:Evaluating Metrics
2020-10-15 19:05:56,567:INFO:No inverse transformer found
2020-10-15 19:05:56,567:INFO:Compiling Metrics
2020-10-15 19:05:56,605:INFO:Calculating mean and std
2020-10-15 19:05:56,606:INFO:Creating metrics dataframe
2020-10-15 19:05:56,631:INFO:Initializing Lasso Regression
2020-10-15 19:05:56,655:INFO:Initializing Fold 1
2020-10-15 19:05:56,708:INFO:Fitting Model
2020-10-15 19:05:56,810:INFO:Evaluating Metrics
2020-10-15 19:05:56,819:INFO:No inverse transformer found
2020-10-15 19:05:56,820:INFO:Compiling Metrics
2020-10-15 19:05:56,863:INFO:Initializing Fold 2
2020-10-15 19:05:56,906:INFO:Fitting Model
2020-10-15 19:05:57,006:INFO:Evaluating Metrics
2020-10-15 19:05:57,015:INFO:No inverse transformer found
2020-10-15 19:05:57,015:INFO:Compiling Metrics
2020-10-15 19:05:57,064:INFO:Initializing Fold 3
2020-10-15 19:05:57,130:INFO:Fitting Model
2020-10-15 19:05:57,272:INFO:Evaluating Metrics
2020-10-15 19:05:57,280:INFO:No inverse transformer found
2020-10-15 19:05:57,281:INFO:Compiling Metrics
2020-10-15 19:05:57,328:INFO:Calculating mean and std
2020-10-15 19:05:57,329:INFO:Creating metrics dataframe
2020-10-15 19:05:57,361:INFO:Initializing Ridge Regression
2020-10-15 19:05:57,399:INFO:Initializing Fold 1
2020-10-15 19:05:57,475:INFO:Fitting Model
2020-10-15 19:05:57,548:INFO:Evaluating Metrics
2020-10-15 19:05:57,554:INFO:No inverse transformer found
2020-10-15 19:05:57,554:INFO:Compiling Metrics
2020-10-15 19:05:57,588:INFO:Initializing Fold 2
2020-10-15 19:05:57,651:INFO:Fitting Model
2020-10-15 19:05:57,727:INFO:Evaluating Metrics
2020-10-15 19:05:57,734:INFO:No inverse transformer found
2020-10-15 19:05:57,734:INFO:Compiling Metrics
2020-10-15 19:05:57,766:INFO:Initializing Fold 3
2020-10-15 19:05:57,829:INFO:Fitting Model
2020-10-15 19:05:57,890:INFO:Evaluating Metrics
2020-10-15 19:05:57,897:INFO:No inverse transformer found
2020-10-15 19:05:57,897:INFO:Compiling Metrics
2020-10-15 19:05:57,934:INFO:Calculating mean and std
2020-10-15 19:05:57,935:INFO:Creating metrics dataframe
2020-10-15 19:05:57,963:INFO:Initializing Elastic Net
2020-10-15 19:05:57,998:INFO:Initializing Fold 1
2020-10-15 19:05:58,048:INFO:Fitting Model
2020-10-15 19:05:58,220:INFO:Evaluating Metrics
2020-10-15 19:05:58,232:INFO:No inverse transformer found
2020-10-15 19:05:58,233:INFO:Compiling Metrics
2020-10-15 19:05:58,272:INFO:Initializing Fold 2
2020-10-15 19:05:58,336:INFO:Fitting Model
2020-10-15 19:05:58,404:INFO:Evaluating Metrics
2020-10-15 19:05:58,411:INFO:No inverse transformer found
2020-10-15 19:05:58,412:INFO:Compiling Metrics
2020-10-15 19:05:58,448:INFO:Initializing Fold 3
2020-10-15 19:05:58,508:INFO:Fitting Model
2020-10-15 19:05:58,574:INFO:Evaluating Metrics
2020-10-15 19:05:58,580:INFO:No inverse transformer found
2020-10-15 19:05:58,580:INFO:Compiling Metrics
2020-10-15 19:05:58,615:INFO:Calculating mean and std
2020-10-15 19:05:58,617:INFO:Creating metrics dataframe
2020-10-15 19:05:58,643:INFO:Initializing Least Angle Regression
2020-10-15 19:05:58,675:INFO:Initializing Fold 1
2020-10-15 19:05:58,732:INFO:Fitting Model
2020-10-15 19:05:58,858:INFO:Evaluating Metrics
2020-10-15 19:05:58,866:INFO:No inverse transformer found
2020-10-15 19:05:58,866:INFO:Compiling Metrics
2020-10-15 19:05:58,902:INFO:Initializing Fold 2
2020-10-15 19:05:58,962:INFO:Fitting Model
2020-10-15 19:05:59,054:INFO:Evaluating Metrics
2020-10-15 19:05:59,061:INFO:No inverse transformer found
2020-10-15 19:05:59,061:INFO:Compiling Metrics
2020-10-15 19:05:59,094:INFO:Initializing Fold 3
2020-10-15 19:05:59,173:INFO:Fitting Model
2020-10-15 19:05:59,276:INFO:Evaluating Metrics
2020-10-15 19:05:59,282:INFO:No inverse transformer found
2020-10-15 19:05:59,282:INFO:Compiling Metrics
2020-10-15 19:05:59,316:INFO:Calculating mean and std
2020-10-15 19:05:59,318:INFO:Creating metrics dataframe
2020-10-15 19:05:59,352:INFO:Initializing Lasso Least Angle Regression
2020-10-15 19:05:59,385:INFO:Initializing Fold 1
2020-10-15 19:05:59,441:INFO:Fitting Model
2020-10-15 19:05:59,658:INFO:Evaluating Metrics
2020-10-15 19:05:59,669:INFO:No inverse transformer found
2020-10-15 19:05:59,670:INFO:Compiling Metrics
2020-10-15 19:05:59,733:INFO:Initializing Fold 2
2020-10-15 19:05:59,803:INFO:Fitting Model
2020-10-15 19:05:59,894:INFO:Evaluating Metrics
2020-10-15 19:05:59,906:INFO:No inverse transformer found
2020-10-15 19:05:59,906:INFO:Compiling Metrics
2020-10-15 19:05:59,978:INFO:Initializing Fold 3
2020-10-15 19:06:00,056:INFO:Fitting Model
2020-10-15 19:06:00,159:INFO:Evaluating Metrics
2020-10-15 19:06:00,169:INFO:No inverse transformer found
2020-10-15 19:06:00,169:INFO:Compiling Metrics
2020-10-15 19:06:00,245:INFO:Calculating mean and std
2020-10-15 19:06:00,246:INFO:Creating metrics dataframe
2020-10-15 19:06:00,275:INFO:Initializing Orthogonal Matching Pursuit
2020-10-15 19:06:00,310:INFO:Initializing Fold 1
2020-10-15 19:06:00,361:INFO:Fitting Model
2020-10-15 19:06:00,457:INFO:Evaluating Metrics
2020-10-15 19:06:00,466:INFO:No inverse transformer found
2020-10-15 19:06:00,466:INFO:Compiling Metrics
2020-10-15 19:06:00,512:INFO:Initializing Fold 2
2020-10-15 19:06:00,565:INFO:Fitting Model
2020-10-15 19:06:00,655:INFO:Evaluating Metrics
2020-10-15 19:06:00,661:INFO:No inverse transformer found
2020-10-15 19:06:00,661:INFO:Compiling Metrics
2020-10-15 19:06:00,695:INFO:Initializing Fold 3
2020-10-15 19:06:00,755:INFO:Fitting Model
2020-10-15 19:06:00,837:INFO:Evaluating Metrics
2020-10-15 19:06:00,844:INFO:No inverse transformer found
2020-10-15 19:06:00,845:INFO:Compiling Metrics
2020-10-15 19:06:00,878:INFO:Calculating mean and std
2020-10-15 19:06:00,879:INFO:Creating metrics dataframe
2020-10-15 19:06:00,919:INFO:Initializing Bayesian Ridge
2020-10-15 19:06:00,956:INFO:Initializing Fold 1
2020-10-15 19:06:01,004:INFO:Fitting Model
2020-10-15 19:06:01,374:INFO:Evaluating Metrics
2020-10-15 19:06:01,381:INFO:No inverse transformer found
2020-10-15 19:06:01,381:INFO:Compiling Metrics
2020-10-15 19:06:01,422:INFO:Initializing Fold 2
2020-10-15 19:06:01,544:INFO:Fitting Model
2020-10-15 19:06:01,889:INFO:Evaluating Metrics
2020-10-15 19:06:01,897:INFO:No inverse transformer found
2020-10-15 19:06:01,897:INFO:Compiling Metrics
2020-10-15 19:06:01,935:INFO:Initializing Fold 3
2020-10-15 19:06:01,999:INFO:Fitting Model
2020-10-15 19:06:02,405:INFO:Evaluating Metrics
2020-10-15 19:06:02,412:INFO:No inverse transformer found
2020-10-15 19:06:02,413:INFO:Compiling Metrics
2020-10-15 19:06:02,445:INFO:Calculating mean and std
2020-10-15 19:06:02,445:INFO:Creating metrics dataframe
2020-10-15 19:06:02,473:INFO:Initializing Passive Aggressive Regressor
2020-10-15 19:06:02,510:INFO:Initializing Fold 1
2020-10-15 19:06:02,566:INFO:Fitting Model
2020-10-15 19:06:03,055:INFO:Evaluating Metrics
2020-10-15 19:06:03,063:INFO:No inverse transformer found
2020-10-15 19:06:03,064:INFO:Compiling Metrics
2020-10-15 19:06:03,096:INFO:Initializing Fold 2
2020-10-15 19:06:03,158:INFO:Fitting Model
2020-10-15 19:06:03,605:INFO:Evaluating Metrics
2020-10-15 19:06:03,611:INFO:No inverse transformer found
2020-10-15 19:06:03,612:INFO:Compiling Metrics
2020-10-15 19:06:03,642:INFO:Initializing Fold 3
2020-10-15 19:06:03,699:INFO:Fitting Model
2020-10-15 19:06:04,179:INFO:Evaluating Metrics
2020-10-15 19:06:04,186:INFO:No inverse transformer found
2020-10-15 19:06:04,186:INFO:Compiling Metrics
2020-10-15 19:06:04,221:INFO:Calculating mean and std
2020-10-15 19:06:04,222:INFO:Creating metrics dataframe
2020-10-15 19:06:04,255:INFO:Initializing TheilSen Regressor
2020-10-15 19:06:04,296:INFO:Initializing Fold 1
2020-10-15 19:06:04,346:INFO:Fitting Model
2020-10-15 19:07:48,228:INFO:Initializing compare_models()
2020-10-15 19:07:48,228:INFO:compare_models(blacklist=['ransac', 'tr'], whitelist=None, fold=3, round=4, sort=MSE, n_select=1, turbo=True, verbose=True)
2020-10-15 19:07:48,228:INFO:Checking exceptions
2020-10-15 19:07:48,228:INFO:Preloading libraries
2020-10-15 19:07:48,229:INFO:Preparing display monitor
2020-10-15 19:07:48,373:INFO:Copying training dataset
2020-10-15 19:07:49,044:INFO:Importing libraries
2020-10-15 19:07:49,082:INFO:Importing untrained models
2020-10-15 19:07:49,089:INFO:Import successful
2020-10-15 19:07:49,109:INFO:Defining folds
2020-10-15 19:07:49,109:INFO:Declaring metric variables
2020-10-15 19:07:49,111:INFO:Initializing Linear Regression
2020-10-15 19:07:49,148:INFO:Initializing Fold 1
2020-10-15 19:07:49,275:INFO:Fitting Model
2020-10-15 19:07:49,811:INFO:Evaluating Metrics
2020-10-15 19:07:49,846:INFO:No inverse transformer found
2020-10-15 19:07:49,847:INFO:Compiling Metrics
2020-10-15 19:07:49,905:INFO:Initializing Fold 2
2020-10-15 19:07:49,978:INFO:Fitting Model
2020-10-15 19:07:50,284:INFO:Evaluating Metrics
2020-10-15 19:07:50,291:INFO:No inverse transformer found
2020-10-15 19:07:50,291:INFO:Compiling Metrics
2020-10-15 19:07:50,336:INFO:Initializing Fold 3
2020-10-15 19:07:50,391:INFO:Fitting Model
2020-10-15 19:07:50,720:INFO:Evaluating Metrics
2020-10-15 19:07:50,728:INFO:No inverse transformer found
2020-10-15 19:07:50,729:INFO:Compiling Metrics
2020-10-15 19:07:50,788:INFO:Calculating mean and std
2020-10-15 19:07:50,790:INFO:Creating metrics dataframe
2020-10-15 19:07:50,823:INFO:Initializing Lasso Regression
2020-10-15 19:07:50,851:INFO:Initializing Fold 1
2020-10-15 19:07:50,909:INFO:Fitting Model
2020-10-15 19:07:51,017:INFO:Evaluating Metrics
2020-10-15 19:07:51,023:INFO:No inverse transformer found
2020-10-15 19:07:51,023:INFO:Compiling Metrics
2020-10-15 19:07:51,060:INFO:Initializing Fold 2
2020-10-15 19:07:51,129:INFO:Fitting Model
2020-10-15 19:07:51,198:INFO:Evaluating Metrics
2020-10-15 19:07:51,206:INFO:No inverse transformer found
2020-10-15 19:07:51,206:INFO:Compiling Metrics
2020-10-15 19:07:51,244:INFO:Initializing Fold 3
2020-10-15 19:07:51,304:INFO:Fitting Model
2020-10-15 19:07:51,371:INFO:Evaluating Metrics
2020-10-15 19:07:51,378:INFO:No inverse transformer found
2020-10-15 19:07:51,379:INFO:Compiling Metrics
2020-10-15 19:07:51,414:INFO:Calculating mean and std
2020-10-15 19:07:51,415:INFO:Creating metrics dataframe
2020-10-15 19:07:51,439:INFO:Initializing Ridge Regression
2020-10-15 19:07:51,479:INFO:Initializing Fold 1
2020-10-15 19:07:51,586:INFO:Fitting Model
2020-10-15 19:07:51,651:INFO:Evaluating Metrics
2020-10-15 19:07:51,657:INFO:No inverse transformer found
2020-10-15 19:07:51,657:INFO:Compiling Metrics
2020-10-15 19:07:51,693:INFO:Initializing Fold 2
2020-10-15 19:07:51,761:INFO:Fitting Model
2020-10-15 19:07:51,866:INFO:Evaluating Metrics
2020-10-15 19:07:51,873:INFO:No inverse transformer found
2020-10-15 19:07:51,874:INFO:Compiling Metrics
2020-10-15 19:07:51,910:INFO:Initializing Fold 3
2020-10-15 19:07:51,970:INFO:Fitting Model
2020-10-15 19:07:52,037:INFO:Evaluating Metrics
2020-10-15 19:07:52,044:INFO:No inverse transformer found
2020-10-15 19:07:52,044:INFO:Compiling Metrics
2020-10-15 19:07:52,080:INFO:Calculating mean and std
2020-10-15 19:07:52,081:INFO:Creating metrics dataframe
2020-10-15 19:07:52,109:INFO:Initializing Elastic Net
2020-10-15 19:07:52,143:INFO:Initializing Fold 1
2020-10-15 19:07:52,209:INFO:Fitting Model
2020-10-15 19:07:52,326:INFO:Evaluating Metrics
2020-10-15 19:07:52,333:INFO:No inverse transformer found
2020-10-15 19:07:52,333:INFO:Compiling Metrics
2020-10-15 19:07:52,371:INFO:Initializing Fold 2
2020-10-15 19:07:52,430:INFO:Fitting Model
2020-10-15 19:07:52,504:INFO:Evaluating Metrics
2020-10-15 19:07:52,510:INFO:No inverse transformer found
2020-10-15 19:07:52,510:INFO:Compiling Metrics
2020-10-15 19:07:52,545:INFO:Initializing Fold 3
2020-10-15 19:07:52,608:INFO:Fitting Model
2020-10-15 19:07:52,676:INFO:Evaluating Metrics
2020-10-15 19:07:52,682:INFO:No inverse transformer found
2020-10-15 19:07:52,683:INFO:Compiling Metrics
2020-10-15 19:07:52,721:INFO:Calculating mean and std
2020-10-15 19:07:52,721:INFO:Creating metrics dataframe
2020-10-15 19:07:52,748:INFO:Initializing Least Angle Regression
2020-10-15 19:07:52,779:INFO:Initializing Fold 1
2020-10-15 19:07:52,834:INFO:Fitting Model
2020-10-15 19:07:52,936:INFO:Evaluating Metrics
2020-10-15 19:07:52,943:INFO:No inverse transformer found
2020-10-15 19:07:52,943:INFO:Compiling Metrics
2020-10-15 19:07:52,976:INFO:Initializing Fold 2
2020-10-15 19:07:53,036:INFO:Fitting Model
2020-10-15 19:07:53,122:INFO:Evaluating Metrics
2020-10-15 19:07:53,128:INFO:No inverse transformer found
2020-10-15 19:07:53,129:INFO:Compiling Metrics
2020-10-15 19:07:53,165:INFO:Initializing Fold 3
2020-10-15 19:07:53,224:INFO:Fitting Model
2020-10-15 19:07:53,306:INFO:Evaluating Metrics
2020-10-15 19:07:53,312:INFO:No inverse transformer found
2020-10-15 19:07:53,312:INFO:Compiling Metrics
2020-10-15 19:07:53,348:INFO:Calculating mean and std
2020-10-15 19:07:53,349:INFO:Creating metrics dataframe
2020-10-15 19:07:53,377:INFO:Initializing Lasso Least Angle Regression
2020-10-15 19:07:53,420:INFO:Initializing Fold 1
2020-10-15 19:07:53,465:INFO:Fitting Model
2020-10-15 19:07:53,560:INFO:Evaluating Metrics
2020-10-15 19:07:53,566:INFO:No inverse transformer found
2020-10-15 19:07:53,566:INFO:Compiling Metrics
2020-10-15 19:07:53,597:INFO:Initializing Fold 2
2020-10-15 19:07:53,658:INFO:Fitting Model
2020-10-15 19:07:53,779:INFO:Evaluating Metrics
2020-10-15 19:07:53,795:INFO:No inverse transformer found
2020-10-15 19:07:53,796:INFO:Compiling Metrics
2020-10-15 19:07:53,827:INFO:Initializing Fold 3
2020-10-15 19:07:53,893:INFO:Fitting Model
2020-10-15 19:07:53,980:INFO:Evaluating Metrics
2020-10-15 19:07:53,986:INFO:No inverse transformer found
2020-10-15 19:07:53,987:INFO:Compiling Metrics
2020-10-15 19:07:54,017:INFO:Calculating mean and std
2020-10-15 19:07:54,018:INFO:Creating metrics dataframe
2020-10-15 19:07:54,043:INFO:Initializing Orthogonal Matching Pursuit
2020-10-15 19:07:54,086:INFO:Initializing Fold 1
2020-10-15 19:07:54,173:INFO:Fitting Model
2020-10-15 19:07:54,256:INFO:Evaluating Metrics
2020-10-15 19:07:54,262:INFO:No inverse transformer found
2020-10-15 19:07:54,262:INFO:Compiling Metrics
2020-10-15 19:07:54,295:INFO:Initializing Fold 2
2020-10-15 19:07:54,368:INFO:Fitting Model
2020-10-15 19:07:54,507:INFO:Evaluating Metrics
2020-10-15 19:07:54,514:INFO:No inverse transformer found
2020-10-15 19:07:54,514:INFO:Compiling Metrics
2020-10-15 19:07:54,549:INFO:Initializing Fold 3
2020-10-15 19:07:54,610:INFO:Fitting Model
2020-10-15 19:07:54,691:INFO:Evaluating Metrics
2020-10-15 19:07:54,698:INFO:No inverse transformer found
2020-10-15 19:07:54,699:INFO:Compiling Metrics
2020-10-15 19:07:54,729:INFO:Calculating mean and std
2020-10-15 19:07:54,730:INFO:Creating metrics dataframe
2020-10-15 19:07:54,774:INFO:Initializing Bayesian Ridge
2020-10-15 19:07:54,799:INFO:Initializing Fold 1
2020-10-15 19:07:54,849:INFO:Fitting Model
2020-10-15 19:07:55,200:INFO:Evaluating Metrics
2020-10-15 19:07:55,205:INFO:No inverse transformer found
2020-10-15 19:07:55,206:INFO:Compiling Metrics
2020-10-15 19:07:55,244:INFO:Initializing Fold 2
2020-10-15 19:07:55,317:INFO:Fitting Model
2020-10-15 19:07:55,577:INFO:Evaluating Metrics
2020-10-15 19:07:55,584:INFO:No inverse transformer found
2020-10-15 19:07:55,584:INFO:Compiling Metrics
2020-10-15 19:07:55,617:INFO:Initializing Fold 3
2020-10-15 19:07:55,680:INFO:Fitting Model
2020-10-15 19:07:56,000:INFO:Evaluating Metrics
2020-10-15 19:07:56,005:INFO:No inverse transformer found
2020-10-15 19:07:56,006:INFO:Compiling Metrics
2020-10-15 19:07:56,039:INFO:Calculating mean and std
2020-10-15 19:07:56,040:INFO:Creating metrics dataframe
2020-10-15 19:07:56,080:INFO:Initializing Passive Aggressive Regressor
2020-10-15 19:07:56,116:INFO:Initializing Fold 1
2020-10-15 19:07:56,202:INFO:Fitting Model
2020-10-15 19:07:56,664:INFO:Evaluating Metrics
2020-10-15 19:07:56,671:INFO:No inverse transformer found
2020-10-15 19:07:56,671:INFO:Compiling Metrics
2020-10-15 19:07:56,715:INFO:Initializing Fold 2
2020-10-15 19:07:56,790:INFO:Fitting Model
2020-10-15 19:07:57,240:INFO:Evaluating Metrics
2020-10-15 19:07:57,246:INFO:No inverse transformer found
2020-10-15 19:07:57,246:INFO:Compiling Metrics
2020-10-15 19:07:57,279:INFO:Initializing Fold 3
2020-10-15 19:07:57,345:INFO:Fitting Model
2020-10-15 19:07:57,807:INFO:Evaluating Metrics
2020-10-15 19:07:57,814:INFO:No inverse transformer found
2020-10-15 19:07:57,814:INFO:Compiling Metrics
2020-10-15 19:07:57,849:INFO:Calculating mean and std
2020-10-15 19:07:57,850:INFO:Creating metrics dataframe
2020-10-15 19:07:57,882:INFO:Initializing Huber Regressor
2020-10-15 19:07:57,922:INFO:Initializing Fold 1
2020-10-15 19:07:57,998:INFO:Fitting Model
2020-10-15 19:08:05,475:INFO:Evaluating Metrics
2020-10-15 19:08:05,481:INFO:No inverse transformer found
2020-10-15 19:08:05,481:INFO:Compiling Metrics
2020-10-15 19:08:05,516:INFO:Initializing Fold 2
2020-10-15 19:08:05,593:INFO:Fitting Model
2020-10-15 19:08:12,649:INFO:Evaluating Metrics
2020-10-15 19:08:12,657:INFO:No inverse transformer found
2020-10-15 19:08:12,657:INFO:Compiling Metrics
2020-10-15 19:08:12,690:INFO:Initializing Fold 3
2020-10-15 19:08:12,785:INFO:Fitting Model
2020-10-15 19:08:20,154:INFO:Evaluating Metrics
2020-10-15 19:08:20,165:INFO:No inverse transformer found
2020-10-15 19:08:20,165:INFO:Compiling Metrics
2020-10-15 19:08:20,254:INFO:Calculating mean and std
2020-10-15 19:08:20,255:INFO:Creating metrics dataframe
2020-10-15 19:08:20,297:INFO:Initializing Support Vector Machine
2020-10-15 19:08:20,320:INFO:Initializing Fold 1
2020-10-15 19:08:20,394:INFO:Fitting Model
2020-10-15 19:16:50,889:INFO:PyCaret Regression Module
2020-10-15 19:16:50,889:INFO:version 2.0
2020-10-15 19:16:50,890:INFO:Initializing setup()
2020-10-15 19:16:50,890:INFO:USI: b1ea
2020-10-15 19:16:50,891:INFO:setup(data=(501808, 18), target=target_nomi, train_size=0.8, sampling=True, sample_estimator=None, categorical_features=None, categorical_imputation=constant, ordinal_features=None,
                    high_cardinality_features=None, high_cardinality_method=frequency, numeric_features=None, numeric_imputation=mean, date_features=None, ignore_features=['id', 'era'], normalize=False,
                    normalize_method=zscore, transformation=False, transformation_method=yeo-johnson, handle_unknown_categorical=True, unknown_categorical_method=least_frequent, pca=False, pca_method=linear,
                    pca_components=None, ignore_low_variance=False, combine_rare_levels=False, rare_level_threshold=0.1, bin_numeric_features=None, remove_outliers=False, outliers_threshold=0.05,
                    remove_multicollinearity=False, multicollinearity_threshold=0.9, remove_perfect_collinearity=False, create_clusters=False, cluster_iter=20,
                    polynomial_features=False, polynomial_degree=2, trigonometry_features=False, polynomial_threshold=0.1, group_features=None,
                    group_names=None, feature_selection=False, feature_selection_threshold=0.8, feature_interaction=False, feature_ratio=False, interaction_threshold=0.01, transform_target=False,
                    transform_target_method=box-cox, data_split_shuffle=True, folds_shuffle=False, n_jobs=-1, html=True, session_id=1234, log_experiment=False,
                    experiment_name=None, log_plots=False, log_profile=False, log_data=False, silent=False, verbose=True, profile=False)
2020-10-15 19:16:50,891:INFO:Checking environment
2020-10-15 19:16:50,891:INFO:python_version: 3.8.3
2020-10-15 19:16:50,891:INFO:python_build: ('v3.8.3:6f8c8320e9', 'May 13 2020 16:29:34')
2020-10-15 19:16:50,891:INFO:machine: x86_64
2020-10-15 19:16:50,921:INFO:platform: macOS-10.15.7-x86_64-i386-64bit
2020-10-15 19:16:50,922:INFO:Memory: svmem(total=4294967296, available=1095094272, percent=74.5, used=2275078144, free=172109824, active=919724032, inactive=914436096, wired=1355354112)
2020-10-15 19:16:50,922:INFO:Physical Core: 2
2020-10-15 19:16:50,922:INFO:Logical Core: 4
2020-10-15 19:16:50,922:INFO:Checking libraries
2020-10-15 19:16:50,922:INFO:pd==1.0.4
2020-10-15 19:16:50,922:INFO:numpy==1.18.5
2020-10-15 19:16:50,922:INFO:sklearn==0.23.1
2020-10-15 19:16:50,923:INFO:xgboost==1.2.0
2020-10-15 19:16:50,960:INFO:lightgbm==2.3.1
2020-10-15 19:16:51,029:INFO:catboost==0.24
2020-10-15 19:16:52,569:INFO:mlflow==1.10.0
2020-10-15 19:16:52,570:INFO:Checking Exceptions
2020-10-15 19:16:52,572:INFO:Preloading libraries
2020-10-15 19:16:52,573:INFO:Preparing display monitor
2020-10-15 19:16:52,625:INFO:Importing libraries
2020-10-15 19:16:52,942:INFO:Copying data for preprocessing
2020-10-15 19:16:53,063:INFO:Declaring global variables
2020-10-15 19:16:53,075:INFO:Declaring preprocessing parameters
2020-10-15 19:16:53,075:INFO:Importing preprocessing module
2020-10-15 19:16:54,057:INFO:Creating preprocessing pipeline
2020-10-15 19:17:10,247:INFO:Preprocessing pipeline created successfully
2020-10-15 19:17:10,248:INFO:No inverse transformer found
2020-10-15 19:17:10,248:INFO:Creating grid variables
2020-10-15 19:17:10,502:INFO:Creating global containers
2020-10-15 19:17:21,465:INFO:create_model_container: 0
2020-10-15 19:17:21,466:INFO:master_model_container: 0
2020-10-15 19:17:21,467:INFO:display_container: 0
2020-10-15 19:17:21,467:INFO:setup() succesfully completed......................................
2020-10-15 19:17:32,049:INFO:Initializing compare_models()
2020-10-15 19:17:32,050:INFO:compare_models(blacklist=None, whitelist=['knn'], fold=3, round=4, sort=MSE, n_select=1, turbo=True, verbose=True)
2020-10-15 19:17:32,050:INFO:Checking exceptions
2020-10-15 19:17:32,050:INFO:Preloading libraries
2020-10-15 19:17:32,051:INFO:Preparing display monitor
2020-10-15 19:17:32,151:INFO:Copying training dataset
2020-10-15 19:17:32,232:INFO:Importing libraries
2020-10-15 19:17:32,274:INFO:Importing untrained models
2020-10-15 19:17:32,288:INFO:Import successful
2020-10-15 19:17:32,307:INFO:Defining folds
2020-10-15 19:17:32,307:INFO:Declaring metric variables
2020-10-15 19:17:32,308:INFO:Initializing K Neighbors Regressor
2020-10-15 19:17:32,330:INFO:Initializing Fold 1
2020-10-15 19:17:32,490:INFO:Fitting Model
2020-10-15 19:17:34,563:INFO:Evaluating Metrics
2020-10-15 19:17:56,337:INFO:No inverse transformer found
2020-10-15 19:17:56,337:INFO:Compiling Metrics
2020-10-15 19:17:56,388:INFO:Initializing Fold 2
2020-10-15 19:17:56,581:INFO:Fitting Model
2020-10-15 19:17:58,303:INFO:Evaluating Metrics
2020-10-15 19:18:18,883:INFO:No inverse transformer found
2020-10-15 19:18:18,884:INFO:Compiling Metrics
2020-10-15 19:18:18,935:INFO:Initializing Fold 3
2020-10-15 19:18:19,088:INFO:Fitting Model
2020-10-15 19:18:20,546:INFO:Evaluating Metrics
2020-10-15 19:18:38,021:INFO:No inverse transformer found
2020-10-15 19:18:38,022:INFO:Compiling Metrics
2020-10-15 19:18:38,064:INFO:Calculating mean and std
2020-10-15 19:18:38,065:INFO:Creating metrics dataframe
2020-10-15 19:18:38,126:INFO:Finalizing top_n models
2020-10-15 19:18:38,127:INFO:SubProcess create_model() called ==================================
2020-10-15 19:18:38,151:INFO:Initializing create_model()
2020-10-15 19:18:38,153:INFO:create_model(estimator=knn, ensemble=False, method=None, fold=10, round=4, cross_validation=True, verbose=False, system=False)
2020-10-15 19:18:38,153:INFO:Checking exceptions
2020-10-15 19:18:38,153:INFO:Preloading libraries
2020-10-15 19:18:38,154:INFO:Preparing display monitor
2020-10-15 19:18:38,187:INFO:Copying training dataset
2020-10-15 19:18:38,372:INFO:Importing libraries
2020-10-15 19:18:38,374:INFO:Defining folds
2020-10-15 19:18:38,377:INFO:Declaring metric variables
2020-10-15 19:18:38,379:INFO:Nearest Neighbors Regression Imported succesfully
2020-10-15 19:18:38,381:INFO:Checking ensemble method
2020-10-15 19:18:38,391:INFO:Initializing Fold 1
2020-10-15 19:18:38,804:INFO:Fitting Model
2020-10-15 19:18:41,753:INFO:Evaluating Metrics
2020-10-15 19:18:48,226:INFO:No inverse transformation
2020-10-15 19:18:48,226:INFO:Compiling Metrics
2020-10-15 19:18:48,248:INFO:Initializing Fold 2
2020-10-15 19:18:48,299:INFO:Fitting Model
2020-10-15 19:18:50,393:INFO:Evaluating Metrics
2020-10-15 19:18:58,803:INFO:No inverse transformation
2020-10-15 19:18:58,804:INFO:Compiling Metrics
2020-10-15 19:18:58,833:INFO:Initializing Fold 3
2020-10-15 19:18:58,880:INFO:Fitting Model
2020-10-15 19:19:01,176:INFO:Evaluating Metrics
2020-10-15 19:19:07,730:INFO:No inverse transformation
2020-10-15 19:19:07,731:INFO:Compiling Metrics
2020-10-15 19:19:07,753:INFO:Initializing Fold 4
2020-10-15 19:19:07,801:INFO:Fitting Model
2020-10-15 19:19:10,381:INFO:Evaluating Metrics
2020-10-15 19:19:19,525:INFO:No inverse transformation
2020-10-15 19:19:19,525:INFO:Compiling Metrics
2020-10-15 19:19:19,555:INFO:Initializing Fold 5
2020-10-15 19:19:19,619:INFO:Fitting Model
2020-10-15 19:19:21,732:INFO:Evaluating Metrics
2020-10-15 19:19:29,403:INFO:No inverse transformation
2020-10-15 19:19:29,403:INFO:Compiling Metrics
2020-10-15 19:19:29,426:INFO:Initializing Fold 6
2020-10-15 19:19:29,478:INFO:Fitting Model
2020-10-15 19:19:31,926:INFO:Evaluating Metrics
2020-10-15 19:19:40,407:INFO:No inverse transformation
2020-10-15 19:19:40,407:INFO:Compiling Metrics
2020-10-15 19:19:40,432:INFO:Initializing Fold 7
2020-10-15 19:19:40,492:INFO:Fitting Model
2020-10-15 19:19:43,333:INFO:Evaluating Metrics
2020-10-15 19:19:50,370:INFO:No inverse transformation
2020-10-15 19:19:50,370:INFO:Compiling Metrics
2020-10-15 19:19:50,394:INFO:Initializing Fold 8
2020-10-15 19:19:50,442:INFO:Fitting Model
2020-10-15 19:19:52,903:INFO:Evaluating Metrics
2020-10-15 19:20:00,274:INFO:No inverse transformation
2020-10-15 19:20:00,274:INFO:Compiling Metrics
2020-10-15 19:20:00,300:INFO:Initializing Fold 9
2020-10-15 19:20:00,356:INFO:Fitting Model
2020-10-15 19:20:02,658:INFO:Evaluating Metrics
2020-10-15 19:20:11,211:INFO:No inverse transformation
2020-10-15 19:20:11,211:INFO:Compiling Metrics
2020-10-15 19:20:11,231:INFO:Initializing Fold 10
2020-10-15 19:20:11,297:INFO:Fitting Model
2020-10-15 19:20:13,379:INFO:Evaluating Metrics
2020-10-15 19:20:19,703:INFO:No inverse transformation
2020-10-15 19:20:19,704:INFO:Compiling Metrics
2020-10-15 19:20:19,721:INFO:Calculating mean and std
2020-10-15 19:20:19,725:INFO:Creating metrics dataframe
2020-10-15 19:20:19,732:INFO:Finalizing model
2020-10-15 19:20:22,173:INFO:Uploading results into container
2020-10-15 19:20:22,174:INFO:Uploading model into container
2020-10-15 19:20:22,174:INFO:create_model_container: 1
2020-10-15 19:20:22,174:INFO:master_model_container: 1
2020-10-15 19:20:22,174:INFO:display_container: 1
2020-10-15 19:20:22,177:INFO:KNeighborsRegressor(algorithm='auto', leaf_size=30, metric='minkowski',
                    metric_params=None, n_jobs=-1, n_neighbors=5, p=2,
                    weights='uniform')
2020-10-15 19:20:22,178:INFO:create_model() succesfully completed......................................
2020-10-15 19:20:22,192:INFO:SubProcess create_model() end ==================================
2020-10-15 19:20:22,252:INFO:create_model_container: 1
2020-10-15 19:20:22,252:INFO:master_model_container: 1
2020-10-15 19:20:22,252:INFO:display_container: 2
2020-10-15 19:20:22,254:INFO:KNeighborsRegressor(algorithm='auto', leaf_size=30, metric='minkowski',
                    metric_params=None, n_jobs=-1, n_neighbors=5, p=2,
                    weights='uniform')
2020-10-15 19:20:22,254:INFO:compare_models() succesfully completed......................................
2020-10-15 19:21:37,998:INFO:Initializing compare_models()
2020-10-15 19:21:38,002:INFO:compare_models(blacklist=None, whitelist=['dt'], fold=3, round=4, sort=MSE, n_select=1, turbo=True, verbose=True)
2020-10-15 19:21:38,002:INFO:Checking exceptions
2020-10-15 19:21:38,002:INFO:Preloading libraries
2020-10-15 19:21:38,002:INFO:Preparing display monitor
2020-10-15 19:21:38,091:INFO:Copying training dataset
2020-10-15 19:21:38,349:INFO:Importing libraries
2020-10-15 19:21:38,363:INFO:Importing untrained models
2020-10-15 19:21:38,370:INFO:Import successful
2020-10-15 19:21:38,381:INFO:Defining folds
2020-10-15 19:21:38,382:INFO:Declaring metric variables
2020-10-15 19:21:38,382:INFO:Initializing Decision Tree
2020-10-15 19:21:38,452:INFO:Initializing Fold 1
2020-10-15 19:21:38,658:INFO:Fitting Model
2020-10-15 19:22:15,217:INFO:Evaluating Metrics
2020-10-15 19:22:15,401:INFO:No inverse transformer found
2020-10-15 19:22:15,401:INFO:Compiling Metrics
2020-10-15 19:22:15,447:INFO:Initializing Fold 2
2020-10-15 19:22:15,745:INFO:Fitting Model
2020-10-15 19:22:55,705:INFO:Evaluating Metrics
2020-10-15 19:22:55,891:INFO:No inverse transformer found
2020-10-15 19:22:55,892:INFO:Compiling Metrics
2020-10-15 19:22:55,954:INFO:Initializing Fold 3
2020-10-15 19:22:56,123:INFO:Fitting Model
2020-10-15 19:23:34,170:INFO:Evaluating Metrics
2020-10-15 19:23:34,343:INFO:No inverse transformer found
2020-10-15 19:23:34,343:INFO:Compiling Metrics
2020-10-15 19:23:34,378:INFO:Calculating mean and std
2020-10-15 19:23:34,379:INFO:Creating metrics dataframe
2020-10-15 19:23:34,416:INFO:Finalizing top_n models
2020-10-15 19:23:34,416:INFO:SubProcess create_model() called ==================================
2020-10-15 19:23:34,435:INFO:Initializing create_model()
2020-10-15 19:23:34,436:INFO:create_model(estimator=dt, ensemble=False, method=None, fold=10, round=4, cross_validation=True, verbose=False, system=False)
2020-10-15 19:23:34,436:INFO:Checking exceptions
2020-10-15 19:23:34,436:INFO:Preloading libraries
2020-10-15 19:23:34,437:INFO:Preparing display monitor
2020-10-15 19:23:34,457:INFO:Copying training dataset
2020-10-15 19:23:34,572:INFO:Importing libraries
2020-10-15 19:23:34,573:INFO:Defining folds
2020-10-15 19:23:34,574:INFO:Declaring metric variables
2020-10-15 19:23:34,576:INFO:Decision Tree Regressor Imported succesfully
2020-10-15 19:23:34,577:INFO:Checking ensemble method
2020-10-15 19:23:34,588:INFO:Initializing Fold 1
2020-10-15 19:23:34,692:INFO:Fitting Model
2020-10-15 19:24:24,627:INFO:Evaluating Metrics
2020-10-15 19:24:24,699:INFO:No inverse transformation
2020-10-15 19:24:24,700:INFO:Compiling Metrics
2020-10-15 19:24:24,722:INFO:Initializing Fold 2
2020-10-15 19:24:24,792:INFO:Fitting Model
2020-10-15 19:25:21,509:INFO:Evaluating Metrics
2020-10-15 19:25:21,590:INFO:No inverse transformation
2020-10-15 19:25:21,590:INFO:Compiling Metrics
2020-10-15 19:25:21,636:INFO:Initializing Fold 3
2020-10-15 19:25:21,849:INFO:Fitting Model
2020-10-15 19:26:34,296:INFO:Evaluating Metrics
2020-10-15 19:26:34,394:INFO:No inverse transformation
2020-10-15 19:26:34,396:INFO:Compiling Metrics
2020-10-15 19:26:34,467:INFO:Initializing Fold 4
2020-10-15 19:26:34,684:INFO:Fitting Model
2020-10-15 19:27:24,233:INFO:Evaluating Metrics
2020-10-15 19:27:24,334:INFO:No inverse transformation
2020-10-15 19:27:24,334:INFO:Compiling Metrics
2020-10-15 19:27:24,382:INFO:Initializing Fold 5
2020-10-15 19:27:24,567:INFO:Fitting Model
2020-10-15 19:28:16,813:INFO:Evaluating Metrics
2020-10-15 19:28:16,880:INFO:No inverse transformation
2020-10-15 19:28:16,881:INFO:Compiling Metrics
2020-10-15 19:28:16,898:INFO:Initializing Fold 6
2020-10-15 19:28:16,975:INFO:Fitting Model
2020-10-15 19:29:07,266:INFO:Evaluating Metrics
2020-10-15 19:29:07,333:INFO:No inverse transformation
2020-10-15 19:29:07,333:INFO:Compiling Metrics
2020-10-15 19:29:07,354:INFO:Initializing Fold 7
2020-10-15 19:29:07,417:INFO:Fitting Model
2020-10-15 19:29:59,036:INFO:Initializing compare_models()
2020-10-15 19:29:59,036:INFO:compare_models(blacklist=None, whitelist=(['ridge', 'lasso', 'en', 'lr', 'lar', 'llar', 'omp', 'br', 'ard', 'par', 'knn'],), fold=3, round=4, sort=MSE, n_select=1, turbo=True, verbose=True)
2020-10-15 19:29:59,036:INFO:Checking exceptions
2020-10-15 19:30:16,689:INFO:Initializing compare_models()
2020-10-15 19:30:16,689:INFO:compare_models(blacklist=None, whitelist=['ridge', 'lasso', 'en', 'lr', 'lar', 'llar', 'omp', 'br', 'ard', 'par', 'knn'], fold=3, round=4, sort=MSE, n_select=1, turbo=True, verbose=True)
2020-10-15 19:30:16,689:INFO:Checking exceptions
2020-10-15 19:30:16,689:INFO:Preloading libraries
2020-10-15 19:30:16,690:INFO:Preparing display monitor
2020-10-15 19:30:16,802:INFO:Copying training dataset
2020-10-15 19:30:17,043:INFO:Importing libraries
2020-10-15 19:30:17,057:INFO:Importing untrained models
2020-10-15 19:30:17,065:INFO:Import successful
2020-10-15 19:30:17,080:INFO:Defining folds
2020-10-15 19:30:17,080:INFO:Declaring metric variables
2020-10-15 19:30:17,081:INFO:Initializing Ridge Regression
2020-10-15 19:30:17,206:INFO:Initializing Fold 1
2020-10-15 19:30:17,602:INFO:Fitting Model
2020-10-15 19:30:18,038:INFO:Evaluating Metrics
2020-10-15 19:30:18,148:INFO:No inverse transformer found
2020-10-15 19:30:18,148:INFO:Compiling Metrics
2020-10-15 19:30:18,277:INFO:Initializing Fold 2
2020-10-15 19:30:18,541:INFO:Fitting Model
2020-10-15 19:30:18,775:INFO:Evaluating Metrics
2020-10-15 19:30:18,814:INFO:No inverse transformer found
2020-10-15 19:30:18,814:INFO:Compiling Metrics
2020-10-15 19:30:18,875:INFO:Initializing Fold 3
2020-10-15 19:30:18,957:INFO:Fitting Model
2020-10-15 19:30:19,064:INFO:Evaluating Metrics
2020-10-15 19:30:19,085:INFO:No inverse transformer found
2020-10-15 19:30:19,086:INFO:Compiling Metrics
2020-10-15 19:30:19,219:INFO:Calculating mean and std
2020-10-15 19:30:19,220:INFO:Creating metrics dataframe
2020-10-15 19:30:19,262:INFO:Initializing Lasso Regression
2020-10-15 19:30:19,289:INFO:Initializing Fold 1
2020-10-15 19:30:19,365:INFO:Fitting Model
2020-10-15 19:30:19,518:INFO:Evaluating Metrics
2020-10-15 19:30:19,526:INFO:No inverse transformer found
2020-10-15 19:30:19,526:INFO:Compiling Metrics
2020-10-15 19:30:19,591:INFO:Initializing Fold 2
2020-10-15 19:30:19,643:INFO:Fitting Model
2020-10-15 19:30:19,710:INFO:Evaluating Metrics
2020-10-15 19:30:19,716:INFO:No inverse transformer found
2020-10-15 19:30:19,716:INFO:Compiling Metrics
2020-10-15 19:30:19,769:INFO:Initializing Fold 3
2020-10-15 19:30:19,833:INFO:Fitting Model
2020-10-15 19:30:19,910:INFO:Evaluating Metrics
2020-10-15 19:30:19,916:INFO:No inverse transformer found
2020-10-15 19:30:19,916:INFO:Compiling Metrics
2020-10-15 19:30:19,954:INFO:Calculating mean and std
2020-10-15 19:30:19,956:INFO:Creating metrics dataframe
2020-10-15 19:30:19,983:INFO:Initializing Elastic Net
2020-10-15 19:30:20,012:INFO:Initializing Fold 1
2020-10-15 19:30:20,060:INFO:Fitting Model
2020-10-15 19:30:20,136:INFO:Evaluating Metrics
2020-10-15 19:30:20,144:INFO:No inverse transformer found
2020-10-15 19:30:20,144:INFO:Compiling Metrics
2020-10-15 19:30:20,184:INFO:Initializing Fold 2
2020-10-15 19:30:20,240:INFO:Fitting Model
2020-10-15 19:30:20,392:INFO:Evaluating Metrics
2020-10-15 19:30:20,399:INFO:No inverse transformer found
2020-10-15 19:30:20,399:INFO:Compiling Metrics
2020-10-15 19:30:20,438:INFO:Initializing Fold 3
2020-10-15 19:30:20,495:INFO:Fitting Model
2020-10-15 19:30:20,566:INFO:Evaluating Metrics
2020-10-15 19:30:20,573:INFO:No inverse transformer found
2020-10-15 19:30:20,573:INFO:Compiling Metrics
2020-10-15 19:30:20,612:INFO:Calculating mean and std
2020-10-15 19:30:20,612:INFO:Creating metrics dataframe
2020-10-15 19:30:20,637:INFO:Initializing Linear Regression
2020-10-15 19:30:20,664:INFO:Initializing Fold 1
2020-10-15 19:30:20,715:INFO:Fitting Model
2020-10-15 19:30:20,910:INFO:Evaluating Metrics
2020-10-15 19:30:20,916:INFO:No inverse transformer found
2020-10-15 19:30:20,917:INFO:Compiling Metrics
2020-10-15 19:30:20,956:INFO:Initializing Fold 2
2020-10-15 19:30:21,012:INFO:Fitting Model
2020-10-15 19:30:21,154:INFO:Evaluating Metrics
2020-10-15 19:30:21,160:INFO:No inverse transformer found
2020-10-15 19:30:21,160:INFO:Compiling Metrics
2020-10-15 19:30:21,200:INFO:Initializing Fold 3
2020-10-15 19:30:21,266:INFO:Fitting Model
2020-10-15 19:30:21,422:INFO:Evaluating Metrics
2020-10-15 19:30:21,427:INFO:No inverse transformer found
2020-10-15 19:30:21,428:INFO:Compiling Metrics
2020-10-15 19:30:21,467:INFO:Calculating mean and std
2020-10-15 19:30:21,468:INFO:Creating metrics dataframe
2020-10-15 19:30:21,504:INFO:Initializing Least Angle Regression
2020-10-15 19:30:21,526:INFO:Initializing Fold 1
2020-10-15 19:30:21,577:INFO:Fitting Model
2020-10-15 19:30:21,699:INFO:Evaluating Metrics
2020-10-15 19:30:21,704:INFO:No inverse transformer found
2020-10-15 19:30:21,705:INFO:Compiling Metrics
2020-10-15 19:30:21,744:INFO:Initializing Fold 2
2020-10-15 19:30:21,824:INFO:Fitting Model
2020-10-15 19:30:21,934:INFO:Evaluating Metrics
2020-10-15 19:30:21,940:INFO:No inverse transformer found
2020-10-15 19:30:21,941:INFO:Compiling Metrics
2020-10-15 19:30:21,974:INFO:Initializing Fold 3
2020-10-15 19:30:22,023:INFO:Fitting Model
2020-10-15 19:30:22,106:INFO:Evaluating Metrics
2020-10-15 19:30:22,112:INFO:No inverse transformer found
2020-10-15 19:30:22,113:INFO:Compiling Metrics
2020-10-15 19:30:22,143:INFO:Calculating mean and std
2020-10-15 19:30:22,144:INFO:Creating metrics dataframe
2020-10-15 19:30:22,163:INFO:Initializing Lasso Least Angle Regression
2020-10-15 19:30:22,180:INFO:Initializing Fold 1
2020-10-15 19:30:22,227:INFO:Fitting Model
2020-10-15 19:30:22,308:INFO:Evaluating Metrics
2020-10-15 19:30:22,315:INFO:No inverse transformer found
2020-10-15 19:30:22,315:INFO:Compiling Metrics
2020-10-15 19:30:22,351:INFO:Initializing Fold 2
2020-10-15 19:30:22,400:INFO:Fitting Model
2020-10-15 19:30:22,504:INFO:Evaluating Metrics
2020-10-15 19:30:22,514:INFO:No inverse transformer found
2020-10-15 19:30:22,515:INFO:Compiling Metrics
2020-10-15 19:30:22,560:INFO:Initializing Fold 3
2020-10-15 19:30:22,622:INFO:Fitting Model
2020-10-15 19:30:22,695:INFO:Evaluating Metrics
2020-10-15 19:30:22,700:INFO:No inverse transformer found
2020-10-15 19:30:22,700:INFO:Compiling Metrics
2020-10-15 19:30:22,731:INFO:Calculating mean and std
2020-10-15 19:30:22,732:INFO:Creating metrics dataframe
2020-10-15 19:30:22,765:INFO:Initializing Orthogonal Matching Pursuit
2020-10-15 19:30:22,798:INFO:Initializing Fold 1
2020-10-15 19:30:22,846:INFO:Fitting Model
2020-10-15 19:30:22,940:INFO:Evaluating Metrics
2020-10-15 19:30:22,946:INFO:No inverse transformer found
2020-10-15 19:30:22,946:INFO:Compiling Metrics
2020-10-15 19:30:22,979:INFO:Initializing Fold 2
2020-10-15 19:30:23,039:INFO:Fitting Model
2020-10-15 19:30:23,114:INFO:Evaluating Metrics
2020-10-15 19:30:23,119:INFO:No inverse transformer found
2020-10-15 19:30:23,120:INFO:Compiling Metrics
2020-10-15 19:30:23,152:INFO:Initializing Fold 3
2020-10-15 19:30:23,208:INFO:Fitting Model
2020-10-15 19:30:23,284:INFO:Evaluating Metrics
2020-10-15 19:30:23,289:INFO:No inverse transformer found
2020-10-15 19:30:23,290:INFO:Compiling Metrics
2020-10-15 19:30:23,320:INFO:Calculating mean and std
2020-10-15 19:30:23,321:INFO:Creating metrics dataframe
2020-10-15 19:30:23,347:INFO:Initializing Bayesian Ridge
2020-10-15 19:30:23,377:INFO:Initializing Fold 1
2020-10-15 19:30:23,431:INFO:Fitting Model
2020-10-15 19:30:23,757:INFO:Evaluating Metrics
2020-10-15 19:30:23,764:INFO:No inverse transformer found
2020-10-15 19:30:23,764:INFO:Compiling Metrics
2020-10-15 19:30:23,802:INFO:Initializing Fold 2
2020-10-15 19:30:23,856:INFO:Fitting Model
2020-10-15 19:30:24,125:INFO:Evaluating Metrics
2020-10-15 19:30:24,132:INFO:No inverse transformer found
2020-10-15 19:30:24,132:INFO:Compiling Metrics
2020-10-15 19:30:24,170:INFO:Initializing Fold 3
2020-10-15 19:30:24,227:INFO:Fitting Model
2020-10-15 19:30:24,514:INFO:Evaluating Metrics
2020-10-15 19:30:24,520:INFO:No inverse transformer found
2020-10-15 19:30:24,520:INFO:Compiling Metrics
2020-10-15 19:30:24,560:INFO:Calculating mean and std
2020-10-15 19:30:24,561:INFO:Creating metrics dataframe
2020-10-15 19:30:24,589:INFO:Initializing Automatic Relevance Determination
2020-10-15 19:30:24,627:INFO:Initializing Fold 1
2020-10-15 19:30:24,701:INFO:Fitting Model
2020-10-15 19:30:25,382:INFO:Evaluating Metrics
2020-10-15 19:30:25,389:INFO:No inverse transformer found
2020-10-15 19:30:25,389:INFO:Compiling Metrics
2020-10-15 19:30:25,429:INFO:Initializing Fold 2
2020-10-15 19:30:25,478:INFO:Fitting Model
2020-10-15 19:30:25,993:INFO:Evaluating Metrics
2020-10-15 19:30:25,999:INFO:No inverse transformer found
2020-10-15 19:30:25,999:INFO:Compiling Metrics
2020-10-15 19:30:26,039:INFO:Initializing Fold 3
2020-10-15 19:30:26,089:INFO:Fitting Model
2020-10-15 19:30:26,452:INFO:Evaluating Metrics
2020-10-15 19:30:26,458:INFO:No inverse transformer found
2020-10-15 19:30:26,458:INFO:Compiling Metrics
2020-10-15 19:30:26,494:INFO:Calculating mean and std
2020-10-15 19:30:26,495:INFO:Creating metrics dataframe
2020-10-15 19:30:26,523:INFO:Initializing Passive Aggressive Regressor
2020-10-15 19:30:26,556:INFO:Initializing Fold 1
2020-10-15 19:30:26,605:INFO:Fitting Model
2020-10-15 19:30:27,054:INFO:Evaluating Metrics
2020-10-15 19:30:27,060:INFO:No inverse transformer found
2020-10-15 19:30:27,060:INFO:Compiling Metrics
2020-10-15 19:30:27,089:INFO:Initializing Fold 2
2020-10-15 19:30:27,138:INFO:Fitting Model
2020-10-15 19:30:27,571:INFO:Evaluating Metrics
2020-10-15 19:30:27,577:INFO:No inverse transformer found
2020-10-15 19:30:27,578:INFO:Compiling Metrics
2020-10-15 19:30:27,607:INFO:Initializing Fold 3
2020-10-15 19:30:27,653:INFO:Fitting Model
2020-10-15 19:30:28,088:INFO:Evaluating Metrics
2020-10-15 19:30:28,094:INFO:No inverse transformer found
2020-10-15 19:30:28,094:INFO:Compiling Metrics
2020-10-15 19:30:28,121:INFO:Calculating mean and std
2020-10-15 19:30:28,122:INFO:Creating metrics dataframe
2020-10-15 19:30:28,249:INFO:Initializing K Neighbors Regressor
2020-10-15 19:30:28,281:INFO:Initializing Fold 1
2020-10-15 19:30:28,329:INFO:Fitting Model
2020-10-15 19:30:29,594:INFO:Evaluating Metrics
2020-10-15 19:30:43,775:INFO:No inverse transformer found
2020-10-15 19:30:43,776:INFO:Compiling Metrics
2020-10-15 19:30:43,808:INFO:Initializing Fold 2
2020-10-15 19:30:43,967:INFO:Fitting Model
2020-10-15 19:30:45,324:INFO:Evaluating Metrics
2020-10-15 19:31:02,574:INFO:No inverse transformer found
2020-10-15 19:31:02,576:INFO:Compiling Metrics
2020-10-15 19:31:02,630:INFO:Initializing Fold 3
2020-10-15 19:31:02,806:INFO:Fitting Model
2020-10-15 19:31:04,502:INFO:Evaluating Metrics
2020-10-15 19:31:22,253:INFO:No inverse transformer found
2020-10-15 19:31:22,254:INFO:Compiling Metrics
2020-10-15 19:31:22,299:INFO:Calculating mean and std
2020-10-15 19:31:22,300:INFO:Creating metrics dataframe
2020-10-15 19:31:22,359:INFO:Finalizing top_n models
2020-10-15 19:31:22,360:INFO:SubProcess create_model() called ==================================
2020-10-15 19:31:22,390:INFO:Initializing create_model()
2020-10-15 19:31:22,390:INFO:create_model(estimator=ridge, ensemble=False, method=None, fold=10, round=4, cross_validation=True, verbose=False, system=False)
2020-10-15 19:31:22,390:INFO:Checking exceptions
2020-10-15 19:31:22,391:INFO:Preloading libraries
2020-10-15 19:31:22,392:INFO:Preparing display monitor
2020-10-15 19:31:22,424:INFO:Copying training dataset
2020-10-15 19:31:22,564:INFO:Importing libraries
2020-10-15 19:31:22,566:INFO:Defining folds
2020-10-15 19:31:22,566:INFO:Declaring metric variables
2020-10-15 19:31:22,568:INFO:Ridge Regression Imported succesfully
2020-10-15 19:31:22,569:INFO:Checking ensemble method
2020-10-15 19:31:22,576:INFO:Initializing Fold 1
2020-10-15 19:31:22,682:INFO:Fitting Model
2020-10-15 19:31:23,075:INFO:Evaluating Metrics
2020-10-15 19:31:23,134:INFO:No inverse transformation
2020-10-15 19:31:23,134:INFO:Compiling Metrics
2020-10-15 19:31:23,180:INFO:Initializing Fold 2
2020-10-15 19:31:23,273:INFO:Fitting Model
2020-10-15 19:31:23,405:INFO:Evaluating Metrics
2020-10-15 19:31:23,412:INFO:No inverse transformation
2020-10-15 19:31:23,412:INFO:Compiling Metrics
2020-10-15 19:31:23,467:INFO:Initializing Fold 3
2020-10-15 19:31:23,574:INFO:Fitting Model
2020-10-15 19:31:23,768:INFO:Evaluating Metrics
2020-10-15 19:31:23,774:INFO:No inverse transformation
2020-10-15 19:31:23,774:INFO:Compiling Metrics
2020-10-15 19:31:23,829:INFO:Initializing Fold 4
2020-10-15 19:31:23,874:INFO:Fitting Model
2020-10-15 19:31:23,972:INFO:Evaluating Metrics
2020-10-15 19:31:23,977:INFO:No inverse transformation
2020-10-15 19:31:23,977:INFO:Compiling Metrics
2020-10-15 19:31:23,997:INFO:Initializing Fold 5
2020-10-15 19:31:24,027:INFO:Fitting Model
2020-10-15 19:31:24,141:INFO:Evaluating Metrics
2020-10-15 19:31:24,155:INFO:No inverse transformation
2020-10-15 19:31:24,156:INFO:Compiling Metrics
2020-10-15 19:31:24,182:INFO:Initializing Fold 6
2020-10-15 19:31:24,224:INFO:Fitting Model
2020-10-15 19:31:24,309:INFO:Evaluating Metrics
2020-10-15 19:31:24,315:INFO:No inverse transformation
2020-10-15 19:31:24,315:INFO:Compiling Metrics
2020-10-15 19:31:24,335:INFO:Initializing Fold 7
2020-10-15 19:31:24,392:INFO:Fitting Model
2020-10-15 19:31:24,480:INFO:Evaluating Metrics
2020-10-15 19:31:24,483:INFO:No inverse transformation
2020-10-15 19:31:24,483:INFO:Compiling Metrics
2020-10-15 19:31:24,504:INFO:Initializing Fold 8
2020-10-15 19:31:24,532:INFO:Fitting Model
2020-10-15 19:31:24,624:INFO:Evaluating Metrics
2020-10-15 19:31:24,628:INFO:No inverse transformation
2020-10-15 19:31:24,629:INFO:Compiling Metrics
2020-10-15 19:31:24,663:INFO:Initializing Fold 9
2020-10-15 19:31:24,713:INFO:Fitting Model
2020-10-15 19:31:24,791:INFO:Evaluating Metrics
2020-10-15 19:31:24,795:INFO:No inverse transformation
2020-10-15 19:31:24,795:INFO:Compiling Metrics
2020-10-15 19:31:24,818:INFO:Initializing Fold 10
2020-10-15 19:31:24,851:INFO:Fitting Model
2020-10-15 19:31:24,914:INFO:Evaluating Metrics
2020-10-15 19:31:24,918:INFO:No inverse transformation
2020-10-15 19:31:24,918:INFO:Compiling Metrics
2020-10-15 19:31:24,934:INFO:Calculating mean and std
2020-10-15 19:31:24,935:INFO:Creating metrics dataframe
2020-10-15 19:31:24,944:INFO:Finalizing model
2020-10-15 19:31:25,051:INFO:Uploading results into container
2020-10-15 19:31:25,052:INFO:Uploading model into container
2020-10-15 19:31:25,052:INFO:create_model_container: 2
2020-10-15 19:31:25,053:INFO:master_model_container: 2
2020-10-15 19:31:25,053:INFO:display_container: 3
2020-10-15 19:31:25,060:INFO:Ridge(alpha=1.0, copy_X=True, fit_intercept=True, max_iter=None,
      normalize=False, random_state=1234, solver='auto', tol=0.001)
2020-10-15 19:31:25,060:INFO:create_model() succesfully completed......................................
2020-10-15 19:31:25,099:INFO:SubProcess create_model() end ==================================
2020-10-15 19:31:25,247:INFO:create_model_container: 2
2020-10-15 19:31:25,247:INFO:master_model_container: 2
2020-10-15 19:31:25,247:INFO:display_container: 4
2020-10-15 19:31:25,248:INFO:Ridge(alpha=1.0, copy_X=True, fit_intercept=True, max_iter=None,
      normalize=False, random_state=1234, solver='auto', tol=0.001)
2020-10-15 19:31:25,248:INFO:compare_models() succesfully completed......................................
2020-10-15 19:37:10,021:INFO:Initializing interpret_model()
2020-10-15 19:37:10,025:INFO:interpret_model(estimator=Ridge(alpha=1.0, copy_X=True, fit_intercept=True, max_iter=None,
      normalize=False, random_state=1234, solver='auto', tol=0.001), plot=summary, feature=None, observation=None)
2020-10-15 19:37:10,026:INFO:Checking exceptions
2020-10-15 19:37:19,615:INFO:Initializing interpret_model()
2020-10-15 19:37:19,616:INFO:interpret_model(estimator=Ridge(alpha=1.0, copy_X=True, fit_intercept=True, max_iter=None,
      normalize=False, random_state=1234, solver='auto', tol=0.001), plot=correlation, feature=feature_wisdom45, observation=None)
2020-10-15 19:37:19,617:INFO:Checking exceptions
